c:\users\alexandr\library\lpng1637\png_static.dir\release\pngwutil.obj
c:\users\alexandr\library\lpng1637\png_static.dir\release\pngwtran.obj
c:\users\alexandr\library\lpng1637\png_static.dir\release\pngwrite.obj
c:\users\alexandr\library\lpng1637\png_static.dir\release\pngwio.obj
c:\users\alexandr\library\lpng1637\png_static.dir\release\pngtrans.obj
c:\users\alexandr\library\lpng1637\png_static.dir\release\pngset.obj
c:\users\alexandr\library\lpng1637\png_static.dir\release\pngrutil.obj
c:\users\alexandr\library\lpng1637\png_static.dir\release\pngrtran.obj
c:\users\alexandr\library\lpng1637\png_static.dir\release\pngrio.obj
c:\users\alexandr\library\lpng1637\png_static.dir\release\pngread.obj
c:\users\alexandr\library\lpng1637\png_static.dir\release\pngpread.obj
c:\users\alexandr\library\lpng1637\png_static.dir\release\pngmem.obj
c:\users\alexandr\library\lpng1637\png_static.dir\release\pngget.obj
c:\users\alexandr\library\lpng1637\png_static.dir\release\pngerror.obj
c:\users\alexandr\library\lpng1637\png_static.dir\release\png.obj
c:\users\alexandr\library\lpng1637\cmakefiles\generate.stamp
c:\users\alexandr\library\lpng1637\release\libpng16_static.lib
c:\users\alexandr\library\lpng1637\png_static.dir\release\png_static.tlog\cl.command.1.tlog
c:\users\alexandr\library\lpng1637\png_static.dir\release\png_static.tlog\cl.read.1.tlog
c:\users\alexandr\library\lpng1637\png_static.dir\release\png_static.tlog\cl.write.1.tlog
c:\users\alexandr\library\lpng1637\png_static.dir\release\png_static.tlog\custombuild.command.1.tlog
c:\users\alexandr\library\lpng1637\png_static.dir\release\png_static.tlog\custombuild.read.1.tlog
c:\users\alexandr\library\lpng1637\png_static.dir\release\png_static.tlog\custombuild.write.1.tlog
c:\users\alexandr\library\lpng1637\png_static.dir\release\png_static.tlog\lib-link.read.1.tlog
c:\users\alexandr\library\lpng1637\png_static.dir\release\png_static.tlog\lib-link.write.1.tlog
c:\users\alexandr\library\lpng1637\png_static.dir\release\png_static.tlog\lib.command.1.tlog
