Checking whether the ASM compiler is GNU using "--version" did not match "(GNU assembler)|(GCC)|(Free Software Foundation)":
Microsoft (R) C/C++ Optimizing Compiler Version 18.00.40629 for x86
Copyright (C) Microsoft Corporation.  All rights reserved.

cl : Command line warning D9002 : ignoring unknown option '--version'
cl : Command line error D8003 : missing source filename
Checking whether the ASM compiler is Clang using "--version" did not match "(clang version)":
Microsoft (R) C/C++ Optimizing Compiler Version 18.00.40629 for x86
Copyright (C) Microsoft Corporation.  All rights reserved.

cl : Command line warning D9002 : ignoring unknown option '--version'
cl : Command line error D8003 : missing source filename
Checking whether the ASM compiler is AppleClang using "--version" did not match "(Apple LLVM version)":
Microsoft (R) C/C++ Optimizing Compiler Version 18.00.40629 for x86
Copyright (C) Microsoft Corporation.  All rights reserved.

cl : Command line warning D9002 : ignoring unknown option '--version'
cl : Command line error D8003 : missing source filename
Checking whether the ASM compiler is ARMClang using "--version" did not match "armclang":
Microsoft (R) C/C++ Optimizing Compiler Version 18.00.40629 for x86
Copyright (C) Microsoft Corporation.  All rights reserved.

cl : Command line warning D9002 : ignoring unknown option '--version'
cl : Command line error D8003 : missing source filename
Checking whether the ASM compiler is HP using "-V" did not match "HP C":
Microsoft (R) C/C++ Optimizing Compiler Version 18.00.40629 for x86
Copyright (C) Microsoft Corporation.  All rights reserved.

cl : Command line error D8004 : '/V' requires an argument
Checking whether the ASM compiler is Intel using "--version" did not match "(ICC)":
Microsoft (R) C/C++ Optimizing Compiler Version 18.00.40629 for x86
Copyright (C) Microsoft Corporation.  All rights reserved.

cl : Command line warning D9002 : ignoring unknown option '--version'
cl : Command line error D8003 : missing source filename
Checking whether the ASM compiler is SunPro using "-V" did not match "Sun C":
Microsoft (R) C/C++ Optimizing Compiler Version 18.00.40629 for x86
Copyright (C) Microsoft Corporation.  All rights reserved.

cl : Command line error D8004 : '/V' requires an argument
Checking whether the ASM compiler is XL using "-qversion" did not match "XL C":
Microsoft (R) C/C++ Optimizing Compiler Version 18.00.40629 for x86
Copyright (C) Microsoft Corporation.  All rights reserved.

cl : Command line warning D9002 : ignoring unknown option '-qversion'
cl : Command line error D8003 : missing source filename
Performing C SOURCE FILE Test HAVE_LD_VERSION_SCRIPT failed with the following output:
Change Dir: C:/Users/Alexandr/library/lpng1637/CMakeFiles/CMakeTmp

Run Build Command(s):C:/Program Files (x86)/MSBuild/12.0/bin/MSBuild.exe cmTC_ebc39.vcxproj /p:Configuration=Debug /p:Platform=Win32 /p:VisualStudioVersion=12.0 /v:m && Microsoft (R) Build Engine version 12.0.40629.0
[Microsoft .NET Framework, version 4.0.30319.42000]
Copyright (C) Microsoft Corporation. All rights reserved.

  Microsoft (R) C/C++ Optimizing Compiler Version 18.00.40629 for x86
  Copyright (C) Microsoft Corporation.  All rights reserved.
  
  cl /c /Zi /W3 /WX- /Od /Ob0 /Oy- /D WIN32 /D _WINDOWS /D HAVE_LD_VERSION_SCRIPT /D "CMAKE_INTDIR=\"Debug\"" /D _MBCS /Gm- /RTC1 /MDd /GS /fp:precise /Zc:wchar_t /Zc:forScope /Fo"cmTC_ebc39.dir\Debug\\" /Fd"cmTC_ebc39.dir\Debug\vc120.pdb" /Gd /TC /analyze- /errorReport:queue  "-Wl,--version-script='C:/Users/Alexandr/library/lpng1637/conftest.map'" C:\Users\Alexandr\library\lpng1637\CMakeFiles\CMakeTmp\src.c
cl : Command line error D8021: invalid numeric argument '/Wl,--version-script='C:/Users/Alexandr/library/lpng1637/conftest.map'' [C:\Users\Alexandr\library\lpng1637\CMakeFiles\CMakeTmp\cmTC_ebc39.vcxproj]


Source file was:
void sym(void) {}
void sym2(void) {}
int main(void) {return 0;}

Performing C SOURCE FILE Test HAVE_SOLARIS_LD_VERSION_SCRIPT failed with the following output:
Change Dir: C:/Users/Alexandr/library/lpng1637/CMakeFiles/CMakeTmp

Run Build Command(s):C:/Program Files (x86)/MSBuild/12.0/bin/MSBuild.exe cmTC_44502.vcxproj /p:Configuration=Debug /p:Platform=Win32 /p:VisualStudioVersion=12.0 /v:m && Microsoft (R) Build Engine version 12.0.40629.0
[Microsoft .NET Framework, version 4.0.30319.42000]
Copyright (C) Microsoft Corporation. All rights reserved.

  Microsoft (R) C/C++ Optimizing Compiler Version 18.00.40629 for x86
  Copyright (C) Microsoft Corporation.  All rights reserved.
  
  cl /c /Zi /W3 /WX- /Od /Ob0 /Oy- /D WIN32 /D _WINDOWS /D HAVE_SOLARIS_LD_VERSION_SCRIPT /D "CMAKE_INTDIR=\"Debug\"" /D _MBCS /Gm- /RTC1 /MDd /GS /fp:precise /Zc:wchar_t /Zc:forScope /Fo"cmTC_44502.dir\Debug\\" /Fd"cmTC_44502.dir\Debug\vc120.pdb" /Gd /TC /analyze- /errorReport:queue  -Wl,-M -Wl,C:/Users/Alexandr/library/lpng1637/conftest.map C:\Users\Alexandr\library\lpng1637\CMakeFiles\CMakeTmp\src.c
cl : Command line error D8021: invalid numeric argument '/Wl,-M' [C:\Users\Alexandr\library\lpng1637\CMakeFiles\CMakeTmp\cmTC_44502.vcxproj]


Source file was:
void sym(void) {}
void sym2(void) {}
int main(void) {return 0;}

