Build started 6/11/2020 1:49:03 PM.
     1>Project "C:\Users\Alexandr\library\lpng1637\png.vcxproj" on node 3 (Build target(s)).
     1>CustomBuild:
         Building Custom Rule C:/Users/Alexandr/library/lpng1637/CMakeLists.txt
       ClCompile:
         C:\Program Files (x86)\Microsoft Visual Studio 12.0\VC\bin\CL.exe /c /I"C:\Program Files (x86)\zlib\include" /IC:\Users\Alexandr\library\lpng1637 /Zi /nologo /W3 /WX- /Od /Ob0 /Oy- /D WIN32 /D _WINDOWS /D _CRT_SECURE_NO_DEPRECATE /D "CMAKE_INTDIR=\"Debug\"" /D PNG_BUILD_DLL /D _WINDLL /D _MBCS /Gm- /RTC1 /MDd /GS /fp:precise /Zc:wchar_t /Zc:forScope /Fo"png.dir\Debug\\" /Fd"png.dir\Debug\vc120.pdb" /Gd /TC /analyze- /errorReport:prompt C:\Users\Alexandr\library\lpng1637\png.c C:\Users\Alexandr\library\lpng1637\pngerror.c C:\Users\Alexandr\library\lpng1637\pngget.c C:\Users\Alexandr\library\lpng1637\pngmem.c C:\Users\Alexandr\library\lpng1637\pngpread.c C:\Users\Alexandr\library\lpng1637\pngread.c C:\Users\Alexandr\library\lpng1637\pngrio.c C:\Users\Alexandr\library\lpng1637\pngrtran.c C:\Users\Alexandr\library\lpng1637\pngrutil.c C:\Users\Alexandr\library\lpng1637\pngset.c C:\Users\Alexandr\library\lpng1637\pngtrans.c C:\Users\Alexandr\library\lpng1637\pngwio.c C:\Users\Alexandr\library\lpng1637\pngwrite.c C:\Users\Alexandr\library\lpng1637\pngwtran.c C:\Users\Alexandr\library\lpng1637\pngwutil.c
         png.c
         pngerror.c
         pngget.c
         pngmem.c
         pngpread.c
         pngread.c
         pngrio.c
         pngrtran.c
         pngrutil.c
         pngset.c
         pngtrans.c
         pngwio.c
         pngwrite.c
         pngwtran.c
         pngwutil.c
         Generating Code...
       Link:
         C:\Program Files (x86)\Microsoft Visual Studio 12.0\VC\bin\link.exe /ERRORREPORT:PROMPT /OUT:"C:\Users\Alexandr\library\lpng1637\Debug\libpng16d.dll" /INCREMENTAL /NOLOGO "C:\Program Files (x86)\zlib\lib\zlibd.lib" kernel32.lib user32.lib gdi32.lib winspool.lib shell32.lib ole32.lib oleaut32.lib uuid.lib comdlg32.lib advapi32.lib /MANIFEST /MANIFESTUAC:"level='asInvoker' uiAccess='false'" /manifest:embed /DEBUG /PDB:"C:/Users/Alexandr/library/lpng1637/Debug/libpng16d.pdb" /SUBSYSTEM:CONSOLE /TLBID:1 /DYNAMICBASE /NXCOMPAT /IMPLIB:"C:/Users/Alexandr/library/lpng1637/Debug/libpng16d.lib" /MACHINE:X86 /SAFESEH  /machine:X86 /DLL png.dir\Debug\png.obj
         png.dir\Debug\pngerror.obj
         png.dir\Debug\pngget.obj
         png.dir\Debug\pngmem.obj
         png.dir\Debug\pngpread.obj
         png.dir\Debug\pngread.obj
         png.dir\Debug\pngrio.obj
         png.dir\Debug\pngrtran.obj
         png.dir\Debug\pngrutil.obj
         png.dir\Debug\pngset.obj
         png.dir\Debug\pngtrans.obj
         png.dir\Debug\pngwio.obj
         png.dir\Debug\pngwrite.obj
         png.dir\Debug\pngwtran.obj
         png.dir\Debug\pngwutil.obj
            Creating library C:/Users/Alexandr/library/lpng1637/Debug/libpng16d.lib and object C:/Users/Alexandr/library/lpng1637/Debug/libpng16d.exp
         png.vcxproj -> C:\Users\Alexandr\library\lpng1637\Debug\libpng16d.dll
     1>Done Building Project "C:\Users\Alexandr\library\lpng1637\png.vcxproj" (Build target(s)).

Build succeeded.

Time Elapsed 00:00:05.23
