c:\users\alexandr\library\lpng1637\png.dir\release\pngwutil.obj
c:\users\alexandr\library\lpng1637\png.dir\release\pngwtran.obj
c:\users\alexandr\library\lpng1637\png.dir\release\pngwrite.obj
c:\users\alexandr\library\lpng1637\png.dir\release\pngwio.obj
c:\users\alexandr\library\lpng1637\png.dir\release\pngtrans.obj
c:\users\alexandr\library\lpng1637\png.dir\release\pngset.obj
c:\users\alexandr\library\lpng1637\png.dir\release\pngrutil.obj
c:\users\alexandr\library\lpng1637\png.dir\release\pngrtran.obj
c:\users\alexandr\library\lpng1637\png.dir\release\pngrio.obj
c:\users\alexandr\library\lpng1637\png.dir\release\pngread.obj
c:\users\alexandr\library\lpng1637\png.dir\release\pngpread.obj
c:\users\alexandr\library\lpng1637\png.dir\release\pngmem.obj
c:\users\alexandr\library\lpng1637\png.dir\release\pngget.obj
c:\users\alexandr\library\lpng1637\png.dir\release\pngerror.obj
c:\users\alexandr\library\lpng1637\png.dir\release\png.obj
c:\users\alexandr\library\lpng1637\cmakefiles\generate.stamp
c:\users\alexandr\library\lpng1637\release\libpng16.dll
c:\users\alexandr\library\lpng1637\release\libpng16.lib
c:\users\alexandr\library\lpng1637\release\libpng16.exp
c:\users\alexandr\library\lpng1637\png.dir\release\png.tlog\cl.command.1.tlog
c:\users\alexandr\library\lpng1637\png.dir\release\png.tlog\cl.read.1.tlog
c:\users\alexandr\library\lpng1637\png.dir\release\png.tlog\cl.write.1.tlog
c:\users\alexandr\library\lpng1637\png.dir\release\png.tlog\custombuild.command.1.tlog
c:\users\alexandr\library\lpng1637\png.dir\release\png.tlog\custombuild.read.1.tlog
c:\users\alexandr\library\lpng1637\png.dir\release\png.tlog\custombuild.write.1.tlog
c:\users\alexandr\library\lpng1637\png.dir\release\png.tlog\link.command.1.tlog
c:\users\alexandr\library\lpng1637\png.dir\release\png.tlog\link.read.1.tlog
c:\users\alexandr\library\lpng1637\png.dir\release\png.tlog\link.write.1.tlog
c:\users\alexandr\library\lpng1637\png.dir\release\png.tlog\png.write.1u.tlog
